2026-05-20T20:02:03.012Z | 🚀 NPM Booster started for package: @divinedilibe/gm-dapp
2026-05-20T20:02:03.017Z | 🎯 Daily target: 50 downloads
2026-05-20T20:02:03.018Z | 📊 Batch size: 6
2026-05-20T20:02:05.065Z | 📦 Found tarball URL for @divinedilibe/gm-dapp@0.1.1
2026-05-20T20:02:05.067Z | 
⏳ Starting batch #1...
2026-05-20T20:02:59.276Z | ✅ Download completed: npm-download-1779307325070-8a71cebddfa0a821.tgz (2915675 bytes)
2026-05-20T20:03:22.283Z | ✅ Download completed: npm-download-1779307325075-5041e4044ee1a23d.tgz (2915675 bytes)
2026-05-20T20:03:22.286Z | ✅ Download completed: npm-download-1779307325074-2fdb74a670e83891.tgz (2915675 bytes)
2026-05-20T20:03:32.390Z | ✅ Download completed: npm-download-1779307325075-3f1667cbdda73090.tgz (2915675 bytes)
2026-05-20T20:03:34.346Z | ✅ Download completed: npm-download-1779307325073-44b371a0b7dd0627.tgz (2915675 bytes)
2026-05-20T20:03:56.975Z | ✅ Download completed: npm-download-1779307325070-57b5572a76d4d220.tgz (2915675 bytes)
2026-05-20T20:03:56.978Z | 📈 Batch #1: 6/6 successful (0 failed) | Daily total: 6/50
2026-05-20T20:03:56.980Z | ⏳ Sleeping for 3 minutes before next batch...
2026-05-20T20:06:57.024Z | 
⏳ Starting batch #2...
2026-05-20T20:07:46.388Z | ✅ Download completed: npm-download-1779307617253-b037b67dc512b6e5.tgz (2915675 bytes)
2026-05-20T20:07:49.462Z | ✅ Download completed: npm-download-1779307617096-4b808b7f3f852bed.tgz (2915675 bytes)
2026-05-20T20:08:02.636Z | ✅ Download completed: npm-download-1779307617257-1ad24ef8abf503a5.tgz (2915675 bytes)
2026-05-20T20:08:05.848Z | ✅ Download completed: npm-download-1779307617259-f2f9c4cc0898df0e.tgz (2915675 bytes)
2026-05-20T20:08:09.649Z | ✅ Download completed: npm-download-1779307617250-799ff07a5139b6c5.tgz (2915675 bytes)
2026-05-20T20:08:12.361Z | ✅ Download completed: npm-download-1779307617261-b73ab3f8e8d2615d.tgz (2915675 bytes)
2026-05-20T20:08:12.363Z | 📈 Batch #2: 6/6 successful (0 failed) | Daily total: 12/50
2026-05-20T20:08:12.364Z | ⏳ Sleeping for 4 minutes before next batch...
2026-05-20T20:12:12.431Z | 
⏳ Starting batch #3...
2026-05-20T20:12:57.532Z | ✅ Download completed: npm-download-1779307933723-4b6f4c25a8792aad.tgz (2915675 bytes)
2026-05-20T20:13:06.902Z | ✅ Download completed: npm-download-1779307933692-e53cd9310c13fade.tgz (2915675 bytes)
2026-05-20T20:13:20.370Z | ✅ Download completed: npm-download-1779307933745-3d7376a34f3485a1.tgz (2915675 bytes)
2026-05-20T20:13:23.176Z | ✅ Download completed: npm-download-1779307933623-ddb26f86be325c30.tgz (2915675 bytes)
2026-05-20T20:13:30.086Z | ✅ Download completed: npm-download-1779307933637-aaa329e943e4ef17.tgz (2915675 bytes)
2026-05-20T20:13:35.359Z | ✅ Download completed: npm-download-1779307932562-19f4899b1be05d54.tgz (2915675 bytes)
2026-05-20T20:13:35.382Z | 📈 Batch #3: 6/6 successful (0 failed) | Daily total: 18/50
2026-05-20T20:13:35.386Z | ⏳ Sleeping for 5 minutes before next batch...
2026-05-20T20:18:35.482Z | 
⏳ Starting batch #4...
2026-05-20T20:19:27.455Z | ✅ Download completed: npm-download-1779308315621-a54d98272bb4eb2c.tgz (2915675 bytes)
2026-05-20T20:19:39.639Z | ✅ Download completed: npm-download-1779308316301-684cdd97532cd86d.tgz (2915675 bytes)
2026-05-20T20:19:48.244Z | ✅ Download completed: npm-download-1779308316321-99cb93f53edda066.tgz (2915675 bytes)
2026-05-20T20:19:54.818Z | ✅ Download completed: npm-download-1779308316331-25303c91b2370d70.tgz (2915675 bytes)
2026-05-20T20:20:06.294Z | ✅ Download completed: npm-download-1779308316421-babf555222ee5f38.tgz (2915675 bytes)
2026-05-20T20:20:12.627Z | ✅ Download completed: npm-download-1779308316387-d9a17d812702e5f8.tgz (2915675 bytes)
2026-05-20T20:20:12.633Z | 📈 Batch #4: 6/6 successful (0 failed) | Daily total: 24/50
2026-05-20T20:20:12.636Z | ⏳ Sleeping for 5 minutes before next batch...
2026-05-20T20:25:12.725Z | 
⏳ Starting batch #5...
2026-05-20T20:26:33.294Z | ✅ Download completed: npm-download-1779308712921-2771019f5c8c7dc5.tgz (2915675 bytes)
2026-05-20T20:26:46.247Z | ✅ Download completed: npm-download-1779308713112-61ee69e7300b6ac1.tgz (2915675 bytes)
2026-05-20T20:27:00.697Z | ✅ Download completed: npm-download-1779308713119-ab5dbc0370747694.tgz (2915675 bytes)
2026-05-20T20:27:01.374Z | ✅ Download completed: npm-download-1779308713131-3d0f072a323e6121.tgz (2915675 bytes)
2026-05-20T20:27:15.512Z | ✅ Download completed: npm-download-1779308713102-9a532ce6b630c131.tgz (2915675 bytes)
2026-05-20T20:27:46.633Z | ✅ Download completed: npm-download-1779308713086-0a94b4e2eafc064b.tgz (2915675 bytes)
2026-05-20T20:27:46.641Z | 📈 Batch #5: 6/6 successful (0 failed) | Daily total: 30/50
2026-05-20T20:27:46.647Z | ⏳ Sleeping for 5 minutes before next batch...
2026-05-20T20:32:46.706Z | 
⏳ Starting batch #6...
2026-05-20T20:34:15.046Z | ✅ Download completed: npm-download-1779309166901-d509daae0f445978.tgz (2915675 bytes)
2026-05-20T20:34:30.229Z | ✅ Download completed: npm-download-1779309167172-096964ddd508c91b.tgz (2915675 bytes)
2026-05-20T20:34:38.590Z | ✅ Download completed: npm-download-1779309167182-7d2ad22d9fdddf75.tgz (2915675 bytes)
2026-05-20T20:34:42.617Z | ✅ Download completed: npm-download-1779309167190-c0aa530d3e3e8330.tgz (2915675 bytes)
2026-05-20T20:34:50.366Z | ✅ Download completed: npm-download-1779309167198-601c3e20108fd740.tgz (2915675 bytes)
2026-05-20T20:35:06.459Z | ✅ Download completed: npm-download-1779309167159-c096aeee06235bf9.tgz (2915675 bytes)
2026-05-20T20:35:06.493Z | 📈 Batch #6: 6/6 successful (0 failed) | Daily total: 36/50
2026-05-20T20:35:06.505Z | ⏳ Sleeping for 5 minutes before next batch...
2026-05-20T20:40:06.700Z | 
⏳ Starting batch #7...
2026-05-20T20:42:05.550Z | ✅ Download completed: npm-download-1779309607133-7416b22393713111.tgz (2915675 bytes)
2026-05-20T20:42:19.738Z | ✅ Download completed: npm-download-1779309607092-008efa7a3dee5683.tgz (2915675 bytes)
2026-05-20T20:42:20.055Z | ✅ Download completed: npm-download-1779309607167-8cfaa16c42e3a9fa.tgz (2915675 bytes)
2026-05-20T20:42:31.245Z | ✅ Download completed: npm-download-1779309607122-e536105b5c7de394.tgz (2915675 bytes)
2026-05-20T20:42:37.826Z | ✅ Download completed: npm-download-1779309606897-a78f484580e58895.tgz (2915675 bytes)
2026-05-20T20:42:41.657Z | ✅ Download completed: npm-download-1779309607110-cda6ee1db76b8cf1.tgz (2915675 bytes)
2026-05-20T20:42:41.687Z | 📈 Batch #7: 6/6 successful (0 failed) | Daily total: 42/50
2026-05-20T20:42:41.693Z | ⏳ Sleeping for 4 minutes before next batch...
2026-05-20T20:46:41.792Z | 
⏳ Starting batch #8...
2026-05-20T20:47:18.926Z | ✅ Download completed: npm-download-1779310002487-8e78371615778704.tgz (2915675 bytes)
2026-05-20T20:47:53.778Z | ✅ Download completed: npm-download-1779310002495-094fb846318bc6df.tgz (2915675 bytes)
2026-05-20T20:48:22.171Z | ✅ Download completed: npm-download-1779310002524-1860d80587787606.tgz (2915675 bytes)
2026-05-20T20:48:50.941Z | ✅ Download completed: npm-download-1779310002284-231a29178212946b.tgz (2915675 bytes)
2026-05-20T20:48:57.856Z | ✅ Download completed: npm-download-1779310002510-af4439bbece759c4.tgz (2915675 bytes)
2026-05-20T20:49:00.220Z | ✅ Download completed: npm-download-1779310002503-5b66b0ac617ec539.tgz (2915675 bytes)
2026-05-20T20:49:00.228Z | 📈 Batch #8: 6/6 successful (0 failed) | Daily total: 48/50
2026-05-20T20:49:00.232Z | ⏳ Sleeping for 3 minutes before next batch...
2026-05-20T20:52:00.282Z | 
⏳ Starting batch #9...
2026-05-20T20:52:56.415Z | ✅ Download completed: npm-download-1779310320476-5b71f081a226b501.tgz (2915675 bytes)
2026-05-20T20:53:01.730Z | ✅ Download completed: npm-download-1779310320717-f7fed983d2ce4b99.tgz (2915675 bytes)
2026-05-20T20:54:14.558Z | ✅ Download completed: npm-download-1779310320704-ab4bf5a3098f53dc.tgz (2915675 bytes)
2026-05-20T20:54:25.396Z | ✅ Download completed: npm-download-1779310320683-ee412a583a77eda2.tgz (2915675 bytes)
2026-05-20T20:54:49.279Z | ✅ Download completed: npm-download-1779310320696-018d54c93f614091.tgz (2915675 bytes)
2026-05-20T20:54:59.430Z | ✅ Download completed: npm-download-1779310320678-4629e25643e96bae.tgz (2915675 bytes)
2026-05-20T20:54:59.438Z | 📈 Batch #9: 6/6 successful (0 failed) | Daily total: 54/50
2026-05-20T20:54:59.439Z | 🎉 Daily target reached! (54 downloads) Sleeping for 24 hours...
2026-05-20T21:07:27.807Z | 🚀 NPM Booster started for package: @divinedilibe/gm-dapp
2026-05-20T21:07:27.814Z | 🎯 Daily target: 50 downloads
2026-05-20T21:07:27.815Z | 📊 Batch size: 6
2026-05-20T21:07:29.928Z | 📦 Found tarball URL for @divinedilibe/gm-dapp@0.1.1
2026-05-20T21:07:29.932Z | 
⏳ Starting batch #1...
2026-05-20T21:09:59.458Z | 🚀 NPM Booster started for package: @divinedilibe/gm-dapp
2026-05-20T21:09:59.473Z | 🎯 Daily target: 500 downloads
2026-05-20T21:09:59.474Z | 📊 Batch size: 20
2026-05-20T21:10:03.741Z | 📦 Found tarball URL for @divinedilibe/gm-dapp@0.1.1
2026-05-20T21:10:03.743Z | 
⏳ Starting batch #1...
2026-05-20T21:12:39.976Z | ✅ Download completed: npm-download-1779311403768-b12ed6abb47edb1c.tgz (2915675 bytes)
2026-05-20T21:12:53.315Z | ✅ Download completed: npm-download-1779311403758-2f31fbef0100cd0f.tgz (2915675 bytes)
2026-05-20T21:13:00.959Z | ✅ Download completed: npm-download-1779311403763-05ffd4b607a23140.tgz (2915675 bytes)
2026-05-20T21:13:21.355Z | ✅ Download completed: npm-download-1779311403760-3458913afe8f9beb.tgz (2915675 bytes)
2026-05-20T21:13:39.416Z | ✅ Download completed: npm-download-1779311403752-702c43931e41f0f0.tgz (2915675 bytes)
2026-05-20T21:13:50.109Z | ✅ Download completed: npm-download-1779311403757-5fc17549dc4f0967.tgz (2915675 bytes)
2026-05-20T21:13:55.127Z | ✅ Download completed: npm-download-1779311403761-e2df346df1d1e0ff.tgz (2915675 bytes)
2026-05-20T21:14:13.838Z | ✅ Download completed: npm-download-1779311403751-ab434d5504c3bc8a.tgz (2915675 bytes)
2026-05-20T21:14:35.865Z | ✅ Download completed: npm-download-1779311403769-0a82b99fd03e126d.tgz (2915675 bytes)
2026-05-20T21:14:36.402Z | ✅ Download completed: npm-download-1779311403759-1c6b5d2321b559bd.tgz (2915675 bytes)
2026-05-20T21:14:43.571Z | ✅ Download completed: npm-download-1779311403764-8d49a800696318a1.tgz (2915675 bytes)
2026-05-20T21:14:44.481Z | ✅ Download completed: npm-download-1779311403763-69fcf95eb0255ad1.tgz (2915675 bytes)
2026-05-20T21:14:45.722Z | ✅ Download completed: npm-download-1779311403767-156ff7c9da48c739.tgz (2915675 bytes)
2026-05-20T21:14:49.777Z | ✅ Download completed: npm-download-1779311403762-448362478e669a50.tgz (2915675 bytes)
2026-05-20T21:14:55.242Z | ✅ Download completed: npm-download-1779311403754-d58595bd7756b051.tgz (2915675 bytes)
2026-05-20T21:15:05.399Z | ✅ Download completed: npm-download-1779311403749-f50057ca230728f4.tgz (2915675 bytes)
2026-05-20T21:15:05.399Z | ✅ Download completed: npm-download-1779311403765-d346f9683711e48e.tgz (2915675 bytes)
2026-05-20T21:15:08.819Z | ✅ Download completed: npm-download-1779311403755-064bac643e7033e7.tgz (2915675 bytes)
2026-05-20T21:15:14.258Z | ✅ Download completed: npm-download-1779311403748-7c8524705f63d24e.tgz (2915675 bytes)
2026-05-20T21:15:22.949Z | ✅ Download completed: npm-download-1779311403766-f3ca9b7b485bf657.tgz (2915675 bytes)
2026-05-20T21:15:23.908Z | 📈 Batch #1: 20/20 successful (0 failed) | Daily total: 20/500
2026-05-20T21:15:23.943Z | ⏳ Sleeping for 4 minutes before next batch...
2026-05-20T21:19:24.050Z | 
⏳ Starting batch #2...
2026-05-20T21:22:40.149Z | ✅ Download completed: npm-download-1779311964599-7734708495068185.tgz (2915675 bytes)
2026-05-20T21:22:45.642Z | ✅ Download completed: npm-download-1779311964610-150f710214b3d906.tgz (2915675 bytes)
2026-05-20T21:23:00.191Z | ✅ Download completed: npm-download-1779311964582-602e6f317292cd36.tgz (2915675 bytes)
2026-05-20T21:23:10.486Z | ✅ Download completed: npm-download-1779311964594-fa3788e94feaa338.tgz (2915675 bytes)
2026-05-20T21:23:23.292Z | ✅ Download completed: npm-download-1779311964618-b06b270d214c400d.tgz (2915675 bytes)
2026-05-20T21:23:37.325Z | ✅ Download completed: npm-download-1779311964575-12363ae7ba73062b.tgz (2915675 bytes)
2026-05-20T21:23:40.366Z | ✅ Download completed: npm-download-1779311964554-269a7bd3de188390.tgz (2915675 bytes)
2026-05-20T21:23:48.295Z | ✅ Download completed: npm-download-1779311964560-13d71555a2cf0250.tgz (2915675 bytes)
2026-05-20T21:23:48.729Z | ✅ Download completed: npm-download-1779311964603-fba6669ea1169cef.tgz (2915675 bytes)
2026-05-20T21:23:50.540Z | ✅ Download completed: npm-download-1779311964567-3635b5e58fafc252.tgz (2915675 bytes)
2026-05-20T21:23:51.172Z | ✅ Download completed: npm-download-1779311964606-96b96ff85e9d57f5.tgz (2915675 bytes)
2026-05-20T21:24:08.128Z | ✅ Download completed: npm-download-1779311964626-ea70273819c599b3.tgz (2915675 bytes)
2026-05-20T21:24:09.879Z | ✅ Download completed: npm-download-1779311964614-36df713629f98a7d.tgz (2915675 bytes)
2026-05-20T21:24:12.222Z | ✅ Download completed: npm-download-1779311964623-a2bbce7a7b5e1755.tgz (2915675 bytes)
2026-05-20T21:24:27.358Z | ✅ Download completed: npm-download-1779311964589-08386ee88c990c45.tgz (2915675 bytes)
2026-05-20T21:24:31.872Z | ✅ Download completed: npm-download-1779311964629-23702d190cb9a274.tgz (2915675 bytes)
2026-05-20T21:24:32.089Z | ✅ Download completed: npm-download-1779311964572-0f1fadf3a2bf759d.tgz (2915675 bytes)
2026-05-20T21:24:37.497Z | ✅ Download completed: npm-download-1779311964253-9068cef3717763a8.tgz (2915675 bytes)
2026-05-20T21:24:40.627Z | ✅ Download completed: npm-download-1779311964522-00830137b33b87c3.tgz (2915675 bytes)
2026-05-20T21:24:43.064Z | ✅ Download completed: npm-download-1779311964528-8a47449c041e4713.tgz (2915675 bytes)
2026-05-20T21:24:43.082Z | 📈 Batch #2: 20/20 successful (0 failed) | Daily total: 40/500
2026-05-20T21:24:43.231Z | ⏳ Sleeping for 3 minutes before next batch...
2026-05-20T21:27:43.392Z | 
⏳ Starting batch #3...
2026-05-20T21:51:31.756Z | 🚀 NPM Booster started for package: @divinedilibe/gm-dapp
2026-05-20T21:51:31.764Z | 🎯 Daily target: 500 downloads
2026-05-20T21:51:31.765Z | 📊 Batch size: 20
2026-05-20T21:51:34.723Z | 📦 Found tarball URL for @divinedilibe/gm-dapp@0.1.1
2026-05-20T21:51:34.725Z | 
⏳ Starting batch #1...
2026-05-20T21:54:52.600Z | ✅ Download completed: npm-download-1779313894731-b540f90472540cba.tgz (2915675 bytes)
2026-05-20T21:55:02.951Z | ✅ Download completed: npm-download-1779313894754-e22bac5656c2ec9b.tgz (2915675 bytes)
2026-05-20T21:55:10.893Z | ✅ Download completed: npm-download-1779313894732-ab48329f5522e02b.tgz (2915675 bytes)
2026-05-20T21:55:13.117Z | ✅ Download completed: npm-download-1779313894743-638e4cd77a9861e1.tgz (2915675 bytes)
2026-05-20T21:55:20.275Z | ✅ Download completed: npm-download-1779313894756-d653e8fb425df452.tgz (2915675 bytes)
2026-05-20T21:55:22.002Z | ✅ Download completed: npm-download-1779313894741-288499ead14949c0.tgz (2915675 bytes)
2026-05-20T21:55:32.590Z | ✅ Download completed: npm-download-1779313894752-8fa658ccc32196ca.tgz (2915675 bytes)
2026-05-20T21:55:48.456Z | ✅ Download completed: npm-download-1779313894755-9a09b7dfaf86653f.tgz (2915675 bytes)
2026-05-20T21:55:54.882Z | ✅ Download completed: npm-download-1779313894745-c35bba33ec077199.tgz (2915675 bytes)
2026-05-20T21:56:01.200Z | ✅ Download completed: npm-download-1779313894753-4ab1ceed516c5945.tgz (2915675 bytes)
2026-05-20T21:56:01.934Z | ✅ Download completed: npm-download-1779313894756-f8dc3da13c6f00f9.tgz (2915675 bytes)
2026-05-20T21:56:10.826Z | ✅ Download completed: npm-download-1779313894753-60fbebe66c5d19d5.tgz (2915675 bytes)
2026-05-20T21:56:12.453Z | ✅ Download completed: npm-download-1779313894751-317620d628e2c2b0.tgz (2915675 bytes)
2026-05-20T21:56:18.647Z | ✅ Download completed: npm-download-1779313894750-9cdc6b37dfd8bbaf.tgz (2915675 bytes)
2026-05-20T21:56:23.351Z | ✅ Download completed: npm-download-1779313894733-4cdedb64343b1748.tgz (2915675 bytes)
2026-05-20T21:56:23.750Z | ✅ Download completed: npm-download-1779313894735-86e2049680831224.tgz (2915675 bytes)
2026-05-20T21:56:27.548Z | ✅ Download completed: npm-download-1779313894739-cfa211d7418d8e1c.tgz (2915675 bytes)
2026-05-20T21:56:35.067Z | ✅ Download completed: npm-download-1779313894748-654b93e8a30f862f.tgz (2915675 bytes)
2026-05-20T21:56:38.022Z | ✅ Download completed: npm-download-1779313894752-52f54aef81c688e3.tgz (2915675 bytes)
2026-05-20T21:56:39.351Z | ✅ Download completed: npm-download-1779313894737-dcdb71e9c685efac.tgz (2915675 bytes)
2026-05-20T21:56:39.357Z | 📈 Batch #1: 20/20 successful (0 failed) | Daily total: 20/500
2026-05-20T21:56:39.361Z | ⏳ Sleeping for 4 minutes before next batch...
2026-05-20T22:00:39.447Z | 
⏳ Starting batch #2...
2026-05-20T22:02:41.554Z | ✅ Download completed: npm-download-1779314439969-20149bb784dc3616.tgz (2915675 bytes)
2026-05-20T22:02:47.636Z | ✅ Download completed: npm-download-1779314439959-c7d81dc237058656.tgz (2915675 bytes)
2026-05-20T22:02:47.645Z | ✅ Download completed: npm-download-1779314439950-663d2798e2f8f4cd.tgz (2915675 bytes)
2026-05-20T22:03:19.930Z | ✅ Download completed: npm-download-1779314439939-6f75d1f46c7a8da9.tgz (2915675 bytes)
2026-05-20T22:03:37.260Z | ✅ Download completed: npm-download-1779314439934-260dc64d694ee626.tgz (2915675 bytes)
2026-05-20T22:03:37.720Z | ✅ Download completed: npm-download-1779314440023-99f378afeebf2164.tgz (2915675 bytes)
2026-05-20T22:03:48.498Z | ✅ Download completed: npm-download-1779314439988-33b767b8b959f29d.tgz (2915675 bytes)
2026-05-20T22:03:49.014Z | ✅ Download completed: npm-download-1779314439916-34c98b02e81bf953.tgz (2915675 bytes)
2026-05-20T22:03:49.016Z | ✅ Download completed: npm-download-1779314440011-86e4313b552f84a4.tgz (2915675 bytes)
2026-05-20T22:03:54.162Z | ✅ Download completed: npm-download-1779314440016-abebd5d95d38e477.tgz (2915675 bytes)
2026-05-20T22:03:58.289Z | ✅ Download completed: npm-download-1779314439955-fb1de42bc10ba6d0.tgz (2915675 bytes)
2026-05-20T22:04:08.352Z | ✅ Download completed: npm-download-1779314440008-23c47c95baae2e5d.tgz (2915675 bytes)
2026-05-20T22:04:08.544Z | ✅ Download completed: npm-download-1779314439983-0baa2bc3efde2cd8.tgz (2915675 bytes)
2026-05-20T22:04:09.919Z | ✅ Download completed: npm-download-1779314439993-10b9399cc414d756.tgz (2915675 bytes)
2026-05-20T22:04:16.569Z | ✅ Download completed: npm-download-1779314439624-b8eb6d1db0dc56f0.tgz (2915675 bytes)
2026-05-20T22:04:23.775Z | ✅ Download completed: npm-download-1779314439963-eb725b6b13db77de.tgz (2915675 bytes)
2026-05-20T22:04:26.040Z | ✅ Download completed: npm-download-1779314439999-a660a3b67963e171.tgz (2915675 bytes)
2026-05-20T22:04:32.301Z | ✅ Download completed: npm-download-1779314440003-eaaa5e075595ea67.tgz (2915675 bytes)
2026-05-20T22:04:34.596Z | ✅ Download completed: npm-download-1779314439979-65451a066b97eec9.tgz (2915675 bytes)
2026-05-20T22:04:44.584Z | ✅ Download completed: npm-download-1779314439905-7545b1b4203d0dc9.tgz (2915675 bytes)
2026-05-20T22:04:44.651Z | 📈 Batch #2: 20/20 successful (0 failed) | Daily total: 40/500
2026-05-20T22:04:44.677Z | ⏳ Sleeping for 5 minutes before next batch...
2026-05-20T22:09:44.844Z | 
⏳ Starting batch #3...
2026-05-20T22:12:14.942Z | ❌ Download failed: aborted
2026-05-20T22:12:32.599Z | ✅ Download completed: npm-download-1779314985477-084c60575ae31ba9.tgz (2915675 bytes)
2026-05-20T22:12:34.894Z | ✅ Download completed: npm-download-1779314985484-aa28174063b74741.tgz (2915675 bytes)
2026-05-20T22:12:59.981Z | ✅ Download completed: npm-download-1779314985442-9ed4759fbbced7ef.tgz (2915675 bytes)
2026-05-20T22:13:11.308Z | ✅ Download completed: npm-download-1779314985471-12fbb57e72309d27.tgz (2915675 bytes)
2026-05-20T22:13:21.936Z | ✅ Download completed: npm-download-1779314985446-442471914c2dab36.tgz (2915675 bytes)
2026-05-20T22:13:36.900Z | ✅ Download completed: npm-download-1779314985466-dcd4613ba3306b5f.tgz (2915675 bytes)
2026-05-20T22:13:47.790Z | ✅ Download completed: npm-download-1779314985459-74770a42e49c47ff.tgz (2915675 bytes)
2026-05-20T22:13:50.979Z | ✅ Download completed: npm-download-1779314985480-454f386d79324cf4.tgz (2915675 bytes)
2026-05-20T22:14:06.229Z | ✅ Download completed: npm-download-1779314985480-e77e5f821f59581c.tgz (2915675 bytes)
2026-05-20T22:14:18.617Z | ✅ Download completed: npm-download-1779314985438-50f9b8d4c56e2b16.tgz (2915675 bytes)
2026-05-20T22:14:18.780Z | ✅ Download completed: npm-download-1779314985428-194608290a353249.tgz (2915675 bytes)
2026-05-20T22:14:24.179Z | ✅ Download completed: npm-download-1779314985212-49fec488d71e1fda.tgz (2915675 bytes)
2026-05-20T22:14:25.931Z | ✅ Download completed: npm-download-1779314985423-5a1f47e6472aab9c.tgz (2915675 bytes)
2026-05-20T22:14:30.169Z | ✅ Download completed: npm-download-1779314985467-a4bfee9e9d6e194d.tgz (2915675 bytes)
2026-05-20T22:14:31.986Z | ✅ Download completed: npm-download-1779314985476-0169c3f6a88b8ad2.tgz (2915675 bytes)
2026-05-20T22:14:38.731Z | ✅ Download completed: npm-download-1779314985435-eaf334f54ff44cbf.tgz (2915675 bytes)
2026-05-20T22:14:45.200Z | ✅ Download completed: npm-download-1779314985451-45638e4093b61068.tgz (2915675 bytes)
2026-05-20T22:14:47.001Z | ✅ Download completed: npm-download-1779314985455-a3a631c4e6f441f8.tgz (2915675 bytes)
2026-05-20T22:14:58.948Z | ✅ Download completed: npm-download-1779314985462-a4da22f633641621.tgz (2915675 bytes)
2026-05-20T22:14:58.957Z | 📈 Batch #3: 19/20 successful (1 failed) | Daily total: 59/500
2026-05-20T22:14:58.987Z | ⏳ Sleeping for 4 minutes before next batch...
2026-05-20T22:18:59.067Z | 
⏳ Starting batch #4...
2026-05-20T22:21:23.381Z | ✅ Download completed: npm-download-1779315539533-5ed54b26944de402.tgz (2915675 bytes)
2026-05-20T22:21:32.315Z | ✅ Download completed: npm-download-1779315539508-4e8862bd9b2c26ce.tgz (2915675 bytes)
2026-05-20T22:22:04.398Z | ✅ Download completed: npm-download-1779315539507-a1b32bd1beab74f1.tgz (2915675 bytes)
2026-05-20T22:22:22.555Z | ✅ Download completed: npm-download-1779315539572-605bb9ae08998df0.tgz (2915675 bytes)
2026-05-20T22:22:25.715Z | ✅ Download completed: npm-download-1779315539515-5a729a46e05fa2bf.tgz (2915675 bytes)
2026-05-20T22:22:26.723Z | ✅ Download completed: npm-download-1779315539208-f739912048481dd1.tgz (2915675 bytes)
2026-05-20T22:22:36.398Z | ✅ Download completed: npm-download-1779315539569-e18401216ad9d44b.tgz (2915675 bytes)
2026-05-20T22:22:36.399Z | ✅ Download completed: npm-download-1779315539523-def6cb0220d1e8df.tgz (2915675 bytes)
2026-05-20T22:22:44.963Z | ✅ Download completed: npm-download-1779315539552-6e662e0c3c29a869.tgz (2915675 bytes)
2026-05-20T22:22:49.287Z | ✅ Download completed: npm-download-1779315539539-b361f2e98c1da30d.tgz (2915675 bytes)
2026-05-20T22:22:56.345Z | ✅ Download completed: npm-download-1779315539547-ce7b1f0299273838.tgz (2915675 bytes)
2026-05-20T22:23:04.039Z | ✅ Download completed: npm-download-1779315539498-faf0e1dc165a2436.tgz (2915675 bytes)
2026-05-20T22:23:04.381Z | ✅ Download completed: npm-download-1779315539504-35232792267421cb.tgz (2915675 bytes)
2026-05-20T22:23:08.025Z | ✅ Download completed: npm-download-1779315539565-925974371536fa95.tgz (2915675 bytes)
2026-05-20T22:23:12.946Z | ✅ Download completed: npm-download-1779315539576-e122d907bf23b46d.tgz (2915675 bytes)
2026-05-20T22:23:19.131Z | ✅ Download completed: npm-download-1779315539556-f2c381d95b4e1090.tgz (2915675 bytes)
2026-05-20T22:23:20.768Z | ✅ Download completed: npm-download-1779315539522-05378d36e09c6793.tgz (2915675 bytes)
2026-05-20T22:23:24.770Z | ✅ Download completed: npm-download-1779315539540-54f857172d93b926.tgz (2915675 bytes)
2026-05-20T22:23:24.772Z | ✅ Download completed: npm-download-1779315539574-d8cf55f7cef1ed4c.tgz (2915675 bytes)
2026-05-20T22:23:28.362Z | ✅ Download completed: npm-download-1779315539542-1a47e4129327f6f2.tgz (2915675 bytes)
2026-05-20T22:23:28.383Z | 📈 Batch #4: 20/20 successful (0 failed) | Daily total: 79/500
2026-05-20T22:23:28.906Z | ⏳ Sleeping for 5 minutes before next batch...
2026-05-20T22:28:29.026Z | 
⏳ Starting batch #5...
2026-05-20T22:29:56.672Z | ✅ Download completed: npm-download-1779316109248-be25fae6cc977533.tgz (2915675 bytes)
2026-05-20T22:30:39.429Z | ✅ Download completed: npm-download-1779316109499-b2083a491112c954.tgz (2915675 bytes)
2026-05-20T22:30:47.174Z | ✅ Download completed: npm-download-1779316109632-e57bb434716b7bce.tgz (2915675 bytes)
2026-05-20T22:30:48.685Z | ✅ Download completed: npm-download-1779316109600-7407cf4eac18742f.tgz (2915675 bytes)
2026-05-20T22:30:52.724Z | ✅ Download completed: npm-download-1779316109683-c9a25e182c3b3692.tgz (2915675 bytes)
2026-05-20T22:31:10.618Z | ✅ Download completed: npm-download-1779316109613-220212246a47fd7d.tgz (2915675 bytes)
2026-05-20T22:31:12.244Z | ✅ Download completed: npm-download-1779316109661-8707c26510864f52.tgz (2915675 bytes)
2026-05-20T22:31:39.415Z | ✅ Download completed: npm-download-1779316109529-a4d430578a8138d1.tgz (2915675 bytes)
2026-05-20T22:31:42.889Z | ✅ Download completed: npm-download-1779316109578-2163e99178e161f4.tgz (2915675 bytes)
2026-05-20T22:31:46.885Z | ✅ Download completed: npm-download-1779316109643-9c4b8252d74f8583.tgz (2915675 bytes)
2026-05-20T22:31:49.435Z | ✅ Download completed: npm-download-1779316109679-b528500646652d87.tgz (2915675 bytes)
2026-05-20T22:31:55.765Z | ✅ Download completed: npm-download-1779316109619-c544f52754b0d64f.tgz (2915675 bytes)
2026-05-20T22:32:00.938Z | ✅ Download completed: npm-download-1779316109516-2dbf1237093a8b08.tgz (2915675 bytes)
2026-05-20T22:32:03.037Z | ✅ Download completed: npm-download-1779316109585-37bb6fb38b986feb.tgz (2915675 bytes)
2026-05-20T22:32:07.669Z | ✅ Download completed: npm-download-1779316109688-97bb745c1ad34dff.tgz (2915675 bytes)
2026-05-20T22:32:07.670Z | ✅ Download completed: npm-download-1779316109539-4cfd92c07e26c20a.tgz (2915675 bytes)
2026-05-20T22:32:18.766Z | ✅ Download completed: npm-download-1779316109670-ab4c4b8fa4a723f2.tgz (2915675 bytes)
2026-05-20T22:32:21.299Z | ✅ Download completed: npm-download-1779316109624-63ab1ff1b4c8d231.tgz (2915675 bytes)
2026-05-20T22:32:21.859Z | ✅ Download completed: npm-download-1779316109554-39bb4dc9f2f3fa50.tgz (2915675 bytes)
2026-05-20T22:32:22.936Z | ✅ Download completed: npm-download-1779316109654-a6940fcd6ab030c2.tgz (2915675 bytes)
2026-05-20T22:32:22.939Z | 📈 Batch #5: 20/20 successful (0 failed) | Daily total: 99/500
2026-05-20T22:32:22.976Z | ⏳ Sleeping for 4 minutes before next batch...
2026-05-20T22:36:24.628Z | 
⏳ Starting batch #6...
2026-05-20T22:38:41.690Z | ✅ Download completed: npm-download-1779316585404-ee4b6fbf0774ab69.tgz (2915675 bytes)
2026-05-20T22:38:58.081Z | ✅ Download completed: npm-download-1779316585336-dba83ccca6d1cb9e.tgz (2915675 bytes)
2026-05-20T22:39:01.926Z | ✅ Download completed: npm-download-1779316585412-497268626d4dfe0d.tgz (2915675 bytes)
2026-05-20T22:39:07.463Z | ✅ Download completed: npm-download-1779316585418-233662ee93760fbb.tgz (2915675 bytes)
2026-05-20T22:39:22.655Z | ✅ Download completed: npm-download-1779316585309-f98b167d5e71b596.tgz (2915675 bytes)
2026-05-20T22:39:26.461Z | ✅ Download completed: npm-download-1779316585420-53ac5119dc0014ef.tgz (2915675 bytes)
2026-05-20T22:39:27.430Z | ✅ Download completed: npm-download-1779316585378-e11f6ff0684049bb.tgz (2915675 bytes)
2026-05-20T22:39:37.771Z | ✅ Download completed: npm-download-1779316585333-69dafb65c5b797f1.tgz (2915675 bytes)
2026-05-20T22:39:45.462Z | ✅ Download completed: npm-download-1779316585353-bc3d09f24d33ced2.tgz (2915675 bytes)
2026-05-20T22:39:45.696Z | ✅ Download completed: npm-download-1779316585423-40fd3891274d0ecd.tgz (2915675 bytes)
2026-05-20T22:39:49.619Z | ✅ Download completed: npm-download-1779316585396-4469e28ba8dd54fe.tgz (2915675 bytes)
2026-05-20T22:39:51.069Z | ✅ Download completed: npm-download-1779316585340-d73d4bb0b9a72ec3.tgz (2915675 bytes)
2026-05-20T22:39:51.356Z | ✅ Download completed: npm-download-1779316585360-f745f4241ca9571d.tgz (2915675 bytes)
2026-05-20T22:39:55.294Z | ✅ Download completed: npm-download-1779316585365-fe6b9f596461d6ab.tgz (2915675 bytes)
2026-05-20T22:39:56.237Z | ✅ Download completed: npm-download-1779316585398-f935cb504bbd3745.tgz (2915675 bytes)
2026-05-20T22:39:56.955Z | ✅ Download completed: npm-download-1779316585427-0041eefce5637dc3.tgz (2915675 bytes)
2026-05-20T22:39:58.904Z | ✅ Download completed: npm-download-1779316585092-071b3ab48974c4b7.tgz (2915675 bytes)
2026-05-20T22:40:01.235Z | ✅ Download completed: npm-download-1779316585410-92df3d79df8b9719.tgz (2915675 bytes)
2026-05-20T22:40:09.347Z | ✅ Download completed: npm-download-1779316585416-cae534644c8e83a5.tgz (2915675 bytes)
2026-05-20T22:40:17.628Z | ✅ Download completed: npm-download-1779316585369-d67a361082b17e54.tgz (2915675 bytes)
2026-05-20T22:40:17.635Z | 📈 Batch #6: 20/20 successful (0 failed) | Daily total: 119/500
2026-05-20T22:40:17.694Z | ⏳ Sleeping for 3 minutes before next batch...
2026-05-20T22:43:18.559Z | 
⏳ Starting batch #7...
2026-05-20T22:45:50.699Z | ✅ Download completed: npm-download-1779316999247-e5a57bfa88f11de7.tgz (2915675 bytes)
2026-05-20T22:46:06.864Z | ✅ Download completed: npm-download-1779317000191-7d5c2f3039ab76a3.tgz (2915675 bytes)
2026-05-20T22:46:09.389Z | ✅ Download completed: npm-download-1779317000225-45019e455ef7c320.tgz (2915675 bytes)
2026-05-20T22:46:26.655Z | ✅ Download completed: npm-download-1779317000054-dcaa587fa98b563f.tgz (2915675 bytes)
2026-05-20T22:46:27.642Z | ✅ Download completed: npm-download-1779317000103-8dc921b41ea9e182.tgz (2915675 bytes)
2026-05-20T22:46:33.312Z | ✅ Download completed: npm-download-1779317000064-10a5c3097bd7416a.tgz (2915675 bytes)
2026-05-20T22:46:33.310Z | ✅ Download completed: npm-download-1779317000172-310b403e64e32947.tgz (2915675 bytes)
2026-05-20T22:46:43.934Z | ✅ Download completed: npm-download-1779317000205-0f08ac044ae6183c.tgz (2915675 bytes)
2026-05-20T22:46:50.173Z | ✅ Download completed: npm-download-1779317000158-e9eb61040b450506.tgz (2915675 bytes)
2026-05-20T22:46:50.867Z | ✅ Download completed: npm-download-1779317000169-c33b53ee208492ca.tgz (2915675 bytes)
2026-05-20T22:46:54.000Z | ✅ Download completed: npm-download-1779317000216-902a612a69a01a67.tgz (2915675 bytes)
2026-05-20T22:47:06.252Z | ✅ Download completed: npm-download-1779317000049-d4c2cb677a23440f.tgz (2915675 bytes)
2026-05-20T22:47:06.253Z | ✅ Download completed: npm-download-1779317000070-4c652e591f15654f.tgz (2915675 bytes)
2026-05-20T22:47:06.253Z | ✅ Download completed: npm-download-1779317000041-826071e0ce47ba24.tgz (2915675 bytes)
2026-05-20T22:47:17.351Z | ✅ Download completed: npm-download-1779317000116-208afbed5cad0b1a.tgz (2915675 bytes)
2026-05-20T22:47:17.351Z | ✅ Download completed: npm-download-1779317000141-ca824d81172fc924.tgz (2915675 bytes)
2026-05-20T22:47:21.323Z | ✅ Download completed: npm-download-1779317000030-f2144fce73eb92e7.tgz (2915675 bytes)
2026-05-20T22:47:22.696Z | ✅ Download completed: npm-download-1779317000080-1dfc515c052e6dda.tgz (2915675 bytes)
2026-05-20T22:47:23.336Z | ✅ Download completed: npm-download-1779317000060-910fc86269baaff5.tgz (2915675 bytes)
2026-05-20T22:47:30.152Z | ✅ Download completed: npm-download-1779317000155-ae7a3ada26883d2f.tgz (2915675 bytes)
2026-05-20T22:47:30.168Z | 📈 Batch #7: 20/20 successful (0 failed) | Daily total: 139/500
2026-05-20T22:47:30.385Z | ⏳ Sleeping for 4 minutes before next batch...
2026-05-20T22:51:30.500Z | 
⏳ Starting batch #8...
2026-05-20T22:52:46.219Z | ✅ Download completed: npm-download-1779317491300-ba118b7ad8d2cffe.tgz (2915675 bytes)
2026-05-20T22:53:04.982Z | ✅ Download completed: npm-download-1779317491201-d131505051e127ef.tgz (2915675 bytes)
2026-05-20T22:53:06.449Z | ✅ Download completed: npm-download-1779317491323-130c17f1d8b2a5d5.tgz (2915675 bytes)
2026-05-20T22:53:21.274Z | ✅ Download completed: npm-download-1779317491320-9ccc9e8c780a6105.tgz (2915675 bytes)
2026-05-20T22:53:42.974Z | ✅ Download completed: npm-download-1779317491270-808fccc3089ade35.tgz (2915675 bytes)
2026-05-20T22:53:52.525Z | ✅ Download completed: npm-download-1779317491309-4a6ae03f838cc9e3.tgz (2915675 bytes)
2026-05-20T22:53:53.128Z | ✅ Download completed: npm-download-1779317491290-7521d0acd1aa4334.tgz (2915675 bytes)
2026-05-20T22:53:58.451Z | ✅ Download completed: npm-download-1779317491219-7b57e34662d974c9.tgz (2915675 bytes)
2026-05-20T22:54:00.358Z | ✅ Download completed: npm-download-1779317491294-4619e31de714e75e.tgz (2915675 bytes)
2026-05-20T22:54:02.210Z | ✅ Download completed: npm-download-1779317490762-28dd48499bd3177f.tgz (2915675 bytes)
2026-05-20T22:54:05.431Z | ✅ Download completed: npm-download-1779317491235-2e40fb2bb04c4d0d.tgz (2915675 bytes)
2026-05-20T22:54:15.276Z | ✅ Download completed: npm-download-1779317491275-1156405c035b6ed9.tgz (2915675 bytes)
2026-05-20T22:54:19.096Z | ✅ Download completed: npm-download-1779317491224-bf173981cffc4485.tgz (2915675 bytes)
2026-05-20T22:54:20.823Z | ✅ Download completed: npm-download-1779317491248-f7738e22e51f2460.tgz (2915675 bytes)
2026-05-20T22:54:22.699Z | ✅ Download completed: npm-download-1779317491286-07dba0b939a02ec4.tgz (2915675 bytes)
2026-05-20T22:54:26.873Z | ✅ Download completed: npm-download-1779317491211-b415ad3f4bd2527e.tgz (2915675 bytes)
2026-05-20T22:54:30.759Z | ✅ Download completed: npm-download-1779317491241-8d582a9f2a1d2d81.tgz (2915675 bytes)
2026-05-20T22:54:33.349Z | ✅ Download completed: npm-download-1779317491193-917ac58ecaaeb6f9.tgz (2915675 bytes)
2026-05-20T22:54:33.400Z | ✅ Download completed: npm-download-1779317491306-f1c323cc44251bb4.tgz (2915675 bytes)
2026-05-20T22:54:36.797Z | ✅ Download completed: npm-download-1779317491208-57f64bdaafbdc32a.tgz (2915675 bytes)
2026-05-20T22:54:36.806Z | 📈 Batch #8: 20/20 successful (0 failed) | Daily total: 159/500
2026-05-20T22:54:36.837Z | ⏳ Sleeping for 5 minutes before next batch...
2026-05-20T22:59:36.921Z | 
⏳ Starting batch #9...
2026-05-20T23:01:08.990Z | ✅ Download completed: npm-download-1779317977618-7282d3c2c49c9fdd.tgz (2915675 bytes)
2026-05-20T23:02:08.225Z | ✅ Download completed: npm-download-1779317977648-4af86c6ab4a613c3.tgz (2915675 bytes)
2026-05-20T23:02:21.234Z | ✅ Download completed: npm-download-1779317977542-5cc6730c3ecab14e.tgz (2915675 bytes)
2026-05-20T23:02:36.403Z | ✅ Download completed: npm-download-1779317977652-855b326acf3e0f69.tgz (2915675 bytes)
2026-05-20T23:02:38.749Z | ✅ Download completed: npm-download-1779317977546-aa0d6abd093ac7db.tgz (2915675 bytes)
2026-05-20T23:02:39.269Z | ✅ Download completed: npm-download-1779317977551-1b664b2227c14413.tgz (2915675 bytes)
2026-05-20T23:02:50.530Z | ✅ Download completed: npm-download-1779317977624-a10e8c6cc31d2268.tgz (2915675 bytes)
2026-05-20T23:02:51.041Z | ✅ Download completed: npm-download-1779317977530-3d9597a8a72ea34b.tgz (2915675 bytes)
2026-05-20T23:02:58.131Z | ✅ Download completed: npm-download-1779317977556-941ccafb32fab3c8.tgz (2915675 bytes)
2026-05-20T23:03:05.199Z | ✅ Download completed: npm-download-1779317977576-a3e7ef9b5382bd78.tgz (2915675 bytes)
2026-05-20T23:03:07.129Z | ✅ Download completed: npm-download-1779317977583-788c3dc517befd70.tgz (2915675 bytes)
2026-05-20T23:03:07.416Z | ✅ Download completed: npm-download-1779317977523-be715fe65235cc99.tgz (2915675 bytes)
2026-05-20T23:03:07.919Z | ✅ Download completed: npm-download-1779317977125-8ec52f3148b3eec7.tgz (2915675 bytes)
2026-05-20T23:03:09.153Z | ✅ Download completed: npm-download-1779317977628-f594a918214b7517.tgz (2915675 bytes)
2026-05-20T23:03:19.199Z | ✅ Download completed: npm-download-1779317977607-a78c647249c009b3.tgz (2915675 bytes)
2026-05-20T23:03:24.296Z | ✅ Download completed: npm-download-1779317977562-4764c573293ea378.tgz (2915675 bytes)
2026-05-20T23:03:27.247Z | ✅ Download completed: npm-download-1779317977642-237a40f1c73c78d5.tgz (2915675 bytes)
2026-05-20T23:03:27.983Z | ✅ Download completed: npm-download-1779317977517-5f28f0c01040c31f.tgz (2915675 bytes)
2026-05-20T23:03:28.884Z | ✅ Download completed: npm-download-1779317977602-7bebabc58285a98e.tgz (2915675 bytes)
2026-05-20T23:03:32.991Z | ✅ Download completed: npm-download-1779317977535-b261b4f338e6b04e.tgz (2915675 bytes)
2026-05-20T23:03:33.001Z | 📈 Batch #9: 20/20 successful (0 failed) | Daily total: 179/500
2026-05-20T23:03:33.039Z | ⏳ Sleeping for 5 minutes before next batch...
2026-05-20T23:08:33.049Z | 
⏳ Starting batch #10...
2026-05-20T23:09:17.067Z | ✅ Download completed: npm-download-1779318513286-460de3790da32d51.tgz (2915675 bytes)
2026-05-20T23:09:20.786Z | ✅ Download completed: npm-download-1779318513310-8c157a8f687fa337.tgz (2915675 bytes)
2026-05-20T23:09:31.107Z | ✅ Download completed: npm-download-1779318513263-00493e037c0e40e5.tgz (2915675 bytes)
2026-05-20T23:09:32.480Z | ✅ Download completed: npm-download-1779318513082-3c613f6c53d44d5d.tgz (2915675 bytes)
2026-05-20T23:09:55.616Z | ✅ Download completed: npm-download-1779318513258-f544e86f587d04cb.tgz (2915675 bytes)
2026-05-20T23:10:08.069Z | ✅ Download completed: npm-download-1779318513291-91b4b0a4b4cf9f17.tgz (2915675 bytes)
2026-05-20T23:10:09.169Z | ✅ Download completed: npm-download-1779318513293-625bbd75779f6b77.tgz (2915675 bytes)
2026-05-20T23:10:09.500Z | ✅ Download completed: npm-download-1779318513281-f26613bcfe194daa.tgz (2915675 bytes)
2026-05-20T23:10:11.137Z | ✅ Download completed: npm-download-1779318513298-c3eb839d2e07b9c0.tgz (2915675 bytes)
2026-05-20T23:10:17.032Z | ✅ Download completed: npm-download-1779318513289-e71d4559844765c6.tgz (2915675 bytes)
2026-05-20T23:10:17.499Z | ✅ Download completed: npm-download-1779318513302-e266716de4d36419.tgz (2915675 bytes)
2026-05-20T23:10:26.297Z | ✅ Download completed: npm-download-1779318513273-b256d24939570e42.tgz (2915675 bytes)
2026-05-20T23:10:32.275Z | ✅ Download completed: npm-download-1779318513278-4845606d25b2313c.tgz (2915675 bytes)
2026-05-20T23:10:34.151Z | ✅ Download completed: npm-download-1779318513284-96851b5ec1d31291.tgz (2915675 bytes)
2026-05-20T23:10:34.704Z | ✅ Download completed: npm-download-1779318513269-eb65372c386c945e.tgz (2915675 bytes)
2026-05-20T23:10:34.780Z | ✅ Download completed: npm-download-1779318513300-d537afd492d17c65.tgz (2915675 bytes)
2026-05-20T23:10:40.143Z | ✅ Download completed: npm-download-1779318513277-279def7efb28a2d2.tgz (2915675 bytes)
2026-05-20T23:10:43.093Z | ✅ Download completed: npm-download-1779318513307-b4e52edee1085408.tgz (2915675 bytes)
2026-05-20T23:10:43.811Z | ✅ Download completed: npm-download-1779318513296-c7ccc2c9fd463e12.tgz (2915675 bytes)
2026-05-20T23:11:00.705Z | ✅ Download completed: npm-download-1779318513304-2fc8abf0cffa1ade.tgz (2915675 bytes)
2026-05-20T23:11:00.708Z | 📈 Batch #10: 20/20 successful (0 failed) | Daily total: 199/500
2026-05-20T23:11:00.711Z | ⏳ Sleeping for 4 minutes before next batch...
2026-05-20T23:15:00.732Z | 
⏳ Starting batch #11...
2026-05-20T23:15:58.205Z | ✅ Download completed: npm-download-1779318901231-9bf985d0e255e807.tgz (2915675 bytes)
2026-05-20T23:16:04.350Z | ✅ Download completed: npm-download-1779318901173-0730c6073c1ac10d.tgz (2915675 bytes)
2026-05-20T23:16:10.615Z | ✅ Download completed: npm-download-1779318901223-85293f5c936467c0.tgz (2915675 bytes)
2026-05-20T23:16:18.832Z | ✅ Download completed: npm-download-1779318901190-15ff7d3fffee4fea.tgz (2915675 bytes)
2026-05-20T23:16:19.933Z | ✅ Download completed: npm-download-1779318901208-bea7c399ddd490e4.tgz (2915675 bytes)
2026-05-20T23:16:22.136Z | ✅ Download completed: npm-download-1779318901196-f14b6ab702600db2.tgz (2915675 bytes)
2026-05-20T23:16:22.785Z | ✅ Download completed: npm-download-1779318901203-47864c888ecb6e2e.tgz (2915675 bytes)
2026-05-20T23:16:23.226Z | ✅ Download completed: npm-download-1779318901199-30d30d172f4e248a.tgz (2915675 bytes)
2026-05-20T23:16:28.362Z | ✅ Download completed: npm-download-1779318901200-5e8511e11ad01100.tgz (2915675 bytes)
2026-05-20T23:16:28.432Z | ✅ Download completed: npm-download-1779318901226-797f680ae43648b2.tgz (2915675 bytes)
2026-05-20T23:16:29.663Z | ✅ Download completed: npm-download-1779318901176-240cd55379f1ed3c.tgz (2915675 bytes)
2026-05-20T23:16:34.899Z | ✅ Download completed: npm-download-1779318901221-ba8f9ca7c6972bc0.tgz (2915675 bytes)
2026-05-20T23:16:36.196Z | ✅ Download completed: npm-download-1779318901229-4cb22b1d31f980ac.tgz (2915675 bytes)
2026-05-20T23:16:36.200Z | ✅ Download completed: npm-download-1779318901178-7f96ee87485fdf79.tgz (2915675 bytes)
2026-05-20T23:16:37.062Z | ✅ Download completed: npm-download-1779318901217-2fbfd6d238afbab6.tgz (2915675 bytes)
2026-05-20T23:16:40.350Z | ✅ Download completed: npm-download-1779318901215-2aa2c24758374074.tgz (2915675 bytes)
2026-05-20T23:16:40.604Z | ✅ Download completed: npm-download-1779318900858-cedfc7f12c2aaf67.tgz (2915675 bytes)
2026-05-20T23:16:43.965Z | ✅ Download completed: npm-download-1779318901168-a337856a36493ded.tgz (2915675 bytes)
2026-05-20T23:16:45.979Z | ✅ Download completed: npm-download-1779318901211-eb15bcbe1ffc6128.tgz (2915675 bytes)
2026-05-20T23:16:49.244Z | ✅ Download completed: npm-download-1779318901206-9b1b17b5b6e719d5.tgz (2915675 bytes)
2026-05-20T23:16:49.248Z | 📈 Batch #11: 20/20 successful (0 failed) | Daily total: 219/500
2026-05-20T23:16:49.254Z | ⏳ Sleeping for 4 minutes before next batch...
2026-05-20T23:20:49.406Z | 
⏳ Starting batch #12...
2026-05-20T23:21:13.854Z | ✅ Download completed: npm-download-1779319250101-e58c8e47489acebc.tgz (2915675 bytes)
2026-05-20T23:21:15.574Z | ✅ Download completed: npm-download-1779319250113-0afd04aa1e964481.tgz (2915675 bytes)
2026-05-20T23:21:28.935Z | ✅ Download completed: npm-download-1779319250094-157cf6bad3ba9127.tgz (2915675 bytes)
2026-05-20T23:21:32.016Z | ✅ Download completed: npm-download-1779319250103-163496949a920338.tgz (2915675 bytes)
2026-05-20T23:21:32.119Z | ✅ Download completed: npm-download-1779319250105-9120746a75c332fa.tgz (2915675 bytes)
2026-05-20T23:21:36.310Z | ✅ Download completed: npm-download-1779319250120-dd0853c8d549bf89.tgz (2915675 bytes)
2026-05-20T23:21:36.508Z | ✅ Download completed: npm-download-1779319250111-7bfd8e3c87dffac7.tgz (2915675 bytes)
2026-05-20T23:21:37.524Z | ✅ Download completed: npm-download-1779319250124-13211a4063634e68.tgz (2915675 bytes)
2026-05-20T23:21:40.549Z | ✅ Download completed: npm-download-1779319250115-35dfa22cb95e2881.tgz (2915675 bytes)
2026-05-20T23:21:41.309Z | ✅ Download completed: npm-download-1779319249719-ce571b281df3b3a8.tgz (2915675 bytes)
2026-05-20T23:21:41.631Z | ✅ Download completed: npm-download-1779319250092-82350aea45969268.tgz (2915675 bytes)
2026-05-20T23:21:43.373Z | ✅ Download completed: npm-download-1779319250126-f244eacb4e062dc6.tgz (2915675 bytes)
2026-05-20T23:21:43.516Z | ✅ Download completed: npm-download-1779319250086-8ec640e71a0df44b.tgz (2915675 bytes)
2026-05-20T23:21:44.061Z | ✅ Download completed: npm-download-1779319250117-7091c552e9994094.tgz (2915675 bytes)
2026-05-20T23:21:45.261Z | ✅ Download completed: npm-download-1779319250109-a87b80247f4ec024.tgz (2915675 bytes)
2026-05-20T23:21:49.190Z | ✅ Download completed: npm-download-1779319250089-2a7a5757762c1d0a.tgz (2915675 bytes)
2026-05-20T23:21:50.693Z | ✅ Download completed: npm-download-1779319250107-86e880175ebf8bd0.tgz (2915675 bytes)
2026-05-20T23:21:51.366Z | ✅ Download completed: npm-download-1779319250099-2e21b9fc32ccc7c0.tgz (2915675 bytes)
2026-05-20T23:21:52.724Z | ✅ Download completed: npm-download-1779319250082-df4ae6fb5e05d832.tgz (2915675 bytes)
2026-05-20T23:21:55.979Z | ✅ Download completed: npm-download-1779319250096-c7c1f1d1b81b86c0.tgz (2915675 bytes)
2026-05-20T23:21:55.984Z | 📈 Batch #12: 20/20 successful (0 failed) | Daily total: 239/500
2026-05-20T23:21:55.988Z | ⏳ Sleeping for 3 minutes before next batch...
2026-05-20T23:24:59.267Z | 
⏳ Starting batch #13...
2026-05-20T23:25:51.317Z | ✅ Download completed: npm-download-1779319499288-caf4c2ad0ffa8648.tgz (2915675 bytes)
2026-05-20T23:25:55.261Z | ✅ Download completed: npm-download-1779319499298-be4d628deec17645.tgz (2915675 bytes)
2026-05-20T23:25:56.070Z | ✅ Download completed: npm-download-1779319499304-fb1a8e14922df56f.tgz (2915675 bytes)
2026-05-20T23:26:07.301Z | ✅ Download completed: npm-download-1779319499293-108055a573fd2c34.tgz (2915675 bytes)
2026-05-20T23:26:10.281Z | ✅ Download completed: npm-download-1779319499293-6dd6e6af925b53df.tgz (2915675 bytes)
2026-05-20T23:26:26.797Z | ✅ Download completed: npm-download-1779319499283-997af52ca19195c3.tgz (2915675 bytes)
2026-05-20T23:26:33.972Z | ✅ Download completed: npm-download-1779319499292-ef95e8a8d876a8a8.tgz (2915675 bytes)
2026-05-20T23:26:37.162Z | ❌ Download failed: aborted
2026-05-20T23:26:40.453Z | ✅ Download completed: npm-download-1779319499290-659f10e750258bb0.tgz (2915675 bytes)
2026-05-20T23:26:41.253Z | ✅ Download completed: npm-download-1779319499272-2f72bf7453775f15.tgz (2915675 bytes)
2026-05-20T23:26:44.322Z | ✅ Download completed: npm-download-1779319499295-214b70b10eaba291.tgz (2915675 bytes)
2026-05-20T23:26:44.797Z | ✅ Download completed: npm-download-1779319499287-966c55a163667b39.tgz (2915675 bytes)
2026-05-20T23:26:49.502Z | ✅ Download completed: npm-download-1779319499296-e358497c8f262ab8.tgz (2915675 bytes)
2026-05-20T23:26:50.432Z | ✅ Download completed: npm-download-1779319499289-e92d758fc51d9078.tgz (2915675 bytes)
2026-05-20T23:26:53.075Z | ✅ Download completed: npm-download-1779319499278-594bf4a91fabc4d0.tgz (2915675 bytes)
2026-05-20T23:26:53.689Z | ✅ Download completed: npm-download-1779319499294-950a24d0659d6a63.tgz (2915675 bytes)
2026-05-20T23:26:55.363Z | ✅ Download completed: npm-download-1779319499286-b2c93dd11b8e9506.tgz (2915675 bytes)
2026-05-20T23:26:56.560Z | ✅ Download completed: npm-download-1779319499307-895779fe0d5722e8.tgz (2915675 bytes)
2026-05-20T23:26:57.094Z | ✅ Download completed: npm-download-1779319499300-613546a49c965e94.tgz (2915675 bytes)
2026-05-20T23:27:00.917Z | ✅ Download completed: npm-download-1779319499281-f9c3191e1f8b731e.tgz (2915675 bytes)
2026-05-20T23:27:00.921Z | 📈 Batch #13: 19/20 successful (1 failed) | Daily total: 258/500
2026-05-20T23:27:00.924Z | ⏳ Sleeping for 4 minutes before next batch...
2026-05-20T23:31:00.943Z | 
⏳ Starting batch #14...
2026-05-20T23:31:37.337Z | ✅ Download completed: npm-download-1779319861040-927c33a09fcc2282.tgz (2915675 bytes)
2026-05-20T23:31:40.596Z | ✅ Download completed: npm-download-1779319861062-712c2c6f3b350eda.tgz (2915675 bytes)
2026-05-20T23:31:40.648Z | ✅ Download completed: npm-download-1779319861050-0beb39df2338ff48.tgz (2915675 bytes)
2026-05-20T23:31:41.955Z | ✅ Download completed: npm-download-1779319861063-57729e32cd11ed01.tgz (2915675 bytes)
2026-05-20T23:31:42.460Z | ✅ Download completed: npm-download-1779319861051-02f4f1841e417f89.tgz (2915675 bytes)
2026-05-20T23:31:42.804Z | ✅ Download completed: npm-download-1779319861067-7419efbe553d330b.tgz (2915675 bytes)
2026-05-20T23:31:42.820Z | ✅ Download completed: npm-download-1779319861034-9f9892f5b17b379d.tgz (2915675 bytes)
2026-05-20T23:31:42.952Z | ✅ Download completed: npm-download-1779319861031-17712601d4a9b5c6.tgz (2915675 bytes)
2026-05-20T23:31:43.763Z | ✅ Download completed: npm-download-1779319861053-f95d4f77e58770e1.tgz (2915675 bytes)
2026-05-20T23:31:44.076Z | ✅ Download completed: npm-download-1779319861047-d84b66f1195a027e.tgz (2915675 bytes)
2026-05-20T23:31:44.956Z | ✅ Download completed: npm-download-1779319861058-2bfbc8b082a524da.tgz (2915675 bytes)
2026-05-20T23:31:44.991Z | ✅ Download completed: npm-download-1779319861070-2c7d2ca948f15c20.tgz (2915675 bytes)
2026-05-20T23:31:46.075Z | ✅ Download completed: npm-download-1779319861055-d646efda6ee60b7d.tgz (2915675 bytes)
2026-05-20T23:31:46.092Z | ✅ Download completed: npm-download-1779319861072-5e88b953f764f9bc.tgz (2915675 bytes)
2026-05-20T23:31:47.276Z | ✅ Download completed: npm-download-1779319861037-6df33f8f05c916b1.tgz (2915675 bytes)
2026-05-20T23:31:47.367Z | ✅ Download completed: npm-download-1779319861065-99fce26a5fe93899.tgz (2915675 bytes)
2026-05-20T23:31:47.829Z | ✅ Download completed: npm-download-1779319861059-b53e9bc428d578cf.tgz (2915675 bytes)
2026-05-20T23:31:49.012Z | ✅ Download completed: npm-download-1779319861044-10d20d973eeda9e9.tgz (2915675 bytes)
2026-05-20T23:31:50.648Z | ✅ Download completed: npm-download-1779319860960-1643b358bbf73d67.tgz (2915675 bytes)
2026-05-20T23:31:50.697Z | ✅ Download completed: npm-download-1779319861068-7c220fb00d2b901c.tgz (2915675 bytes)
2026-05-20T23:31:50.700Z | 📈 Batch #14: 20/20 successful (0 failed) | Daily total: 278/500
2026-05-20T23:31:50.703Z | ⏳ Sleeping for 5 minutes before next batch...
2026-05-20T23:36:51.328Z | 
⏳ Starting batch #15...
2026-05-20T23:37:26.737Z | ✅ Download completed: npm-download-1779320211544-9c4339351c3380d4.tgz (2915675 bytes)
2026-05-20T23:37:26.794Z | ✅ Download completed: npm-download-1779320211856-51f578d37fc06883.tgz (2915675 bytes)
2026-05-20T23:37:27.342Z | ✅ Download completed: npm-download-1779320211992-358be726b04c3233.tgz (2915675 bytes)
2026-05-20T23:37:30.184Z | ✅ Download completed: npm-download-1779320211925-203e488004e309b0.tgz (2915675 bytes)
2026-05-20T23:37:32.249Z | ✅ Download completed: npm-download-1779320211968-26665b7e7e1b9f89.tgz (2915675 bytes)
2026-05-20T23:37:32.965Z | ✅ Download completed: npm-download-1779320211951-8e10c0e75b592abe.tgz (2915675 bytes)
2026-05-20T23:37:33.191Z | ✅ Download completed: npm-download-1779320211935-cc18374bbea4b520.tgz (2915675 bytes)
2026-05-20T23:37:33.317Z | ✅ Download completed: npm-download-1779320211870-ee606dc1ed78c2d9.tgz (2915675 bytes)
2026-05-20T23:37:33.739Z | ✅ Download completed: npm-download-1779320211941-af3547af09d161a8.tgz (2915675 bytes)
2026-05-20T23:37:34.213Z | ✅ Download completed: npm-download-1779320211974-a606c64483d799b7.tgz (2915675 bytes)
2026-05-20T23:37:34.219Z | ✅ Download completed: npm-download-1779320211956-6bc8dc385dafc604.tgz (2915675 bytes)
2026-05-20T23:37:34.718Z | ✅ Download completed: npm-download-1779320211931-38d8322e34a29eb5.tgz (2915675 bytes)
2026-05-20T23:37:34.720Z | ✅ Download completed: npm-download-1779320211949-8a232a1dcc53ce43.tgz (2915675 bytes)
2026-05-20T23:37:35.245Z | ✅ Download completed: npm-download-1779320212003-6ee4c92a857741f3.tgz (2915675 bytes)
2026-05-20T23:37:37.372Z | ✅ Download completed: npm-download-1779320211944-43da1a5736ccfdb8.tgz (2915675 bytes)
2026-05-20T23:37:41.409Z | ✅ Download completed: npm-download-1779320211996-8812c550a6c804be.tgz (2915675 bytes)
2026-05-20T23:37:41.595Z | ✅ Download completed: npm-download-1779320211862-4e442df4f1c2c48c.tgz (2915675 bytes)
2026-05-20T23:37:42.472Z | ✅ Download completed: npm-download-1779320211961-93e3c0cc912ef8d3.tgz (2915675 bytes)
2026-05-20T23:37:44.518Z | ✅ Download completed: npm-download-1779320211980-0be1a952de80f15d.tgz (2915675 bytes)
2026-05-20T23:37:53.182Z | ✅ Download completed: npm-download-1779320211921-435c19aa709605a2.tgz (2915675 bytes)
2026-05-20T23:37:53.186Z | 📈 Batch #15: 20/20 successful (0 failed) | Daily total: 298/500
2026-05-20T23:37:53.203Z | ⏳ Sleeping for 3 minutes before next batch...
2026-05-20T23:40:53.373Z | 
⏳ Starting batch #16...
2026-05-20T23:41:28.794Z | ✅ Download completed: npm-download-1779320453947-e30bb1299001f376.tgz (2915675 bytes)
2026-05-20T23:41:31.232Z | ✅ Download completed: npm-download-1779320454045-e26cd06130cc974a.tgz (2915675 bytes)
2026-05-20T23:41:31.450Z | ✅ Download completed: npm-download-1779320453937-e757272d7db7ac49.tgz (2915675 bytes)
2026-05-20T23:41:31.451Z | ✅ Download completed: npm-download-1779320454004-fc986155fd6c71c1.tgz (2915675 bytes)
2026-05-20T23:41:32.403Z | ✅ Download completed: npm-download-1779320453914-43eec3b8dc57c1b7.tgz (2915675 bytes)
2026-05-20T23:41:34.419Z | ✅ Download completed: npm-download-1779320454012-808be44f9a20f289.tgz (2915675 bytes)
2026-05-20T23:41:35.139Z | ✅ Download completed: npm-download-1779320454041-962966cff31df545.tgz (2915675 bytes)
2026-05-20T23:41:37.709Z | ✅ Download completed: npm-download-1779320453943-89eafb7a630d363a.tgz (2915675 bytes)
2026-05-20T23:41:38.381Z | ✅ Download completed: npm-download-1779320453932-8415665311b76bfb.tgz (2915675 bytes)
2026-05-20T23:41:38.735Z | ✅ Download completed: npm-download-1779320453925-d8cdf1257a62f5a6.tgz (2915675 bytes)
2026-05-20T23:41:40.601Z | ✅ Download completed: npm-download-1779320454021-048c6870ce2cc2bb.tgz (2915675 bytes)
2026-05-20T23:41:41.472Z | ✅ Download completed: npm-download-1779320454036-e02889c4b716e92c.tgz (2915675 bytes)
2026-05-20T23:41:42.357Z | ✅ Download completed: npm-download-1779320454001-7093cefd235d47a7.tgz (2915675 bytes)
2026-05-20T23:41:43.507Z | ✅ Download completed: npm-download-1779320454032-1a2fd9918f2a2837.tgz (2915675 bytes)
2026-05-20T23:41:44.578Z | ✅ Download completed: npm-download-1779320454026-5ab241cf09cf50b3.tgz (2915675 bytes)
2026-05-20T23:41:44.800Z | ✅ Download completed: npm-download-1779320453582-a4c62393024a2400.tgz (2915675 bytes)
2026-05-20T23:41:45.590Z | ✅ Download completed: npm-download-1779320453960-163dcad1583610c1.tgz (2915675 bytes)
2026-05-20T23:41:47.221Z | ✅ Download completed: npm-download-1779320453967-1dcb9d37c75d20c1.tgz (2915675 bytes)
2026-05-20T23:41:48.506Z | ✅ Download completed: npm-download-1779320453973-390851c3493008a2.tgz (2915675 bytes)
2026-05-20T23:41:53.317Z | ✅ Download completed: npm-download-1779320454008-b43986d4025e8ebd.tgz (2915675 bytes)
2026-05-20T23:41:53.322Z | 📈 Batch #16: 20/20 successful (0 failed) | Daily total: 318/500
2026-05-20T23:41:53.354Z | ⏳ Sleeping for 3 minutes before next batch...
